android/app/build/intermediates/manifest_merge_blame_file/release/manifest-merger-blame-release-report.txt
1<?xml version="1.0" encoding="utf-8"?>
2<manifest xmlns:android="http://schemas.android.com/apk/res/android"
3    package="com.NewsRead"
4    android:versionCode="1"
5    android:versionName="1.0" >
6
7    <uses-sdk
8        android:minSdkVersion="21"
8-->src/main/AndroidManifest.xml
9        android:targetSdkVersion="31" />
9-->src/main/AndroidManifest.xml
10
11    <uses-permission android:name="android.permission.INTERNET" />
11-->src/main/AndroidManifest.xml:4:5-67
11-->src/main/AndroidManifest.xml:4:22-64
12    <uses-permission android:name="android.permission.ACCESS_NETWORK_STATE" />
12-->[com.google.android.gms:play-services-measurement-api:21.3.0] AndroidManifest.xml:23:5-79
12-->[com.google.android.gms:play-services-measurement-api:21.3.0] AndroidManifest.xml:23:22-76
13    <uses-permission android:name="android.permission.WAKE_LOCK" />
13-->[com.google.android.gms:play-services-measurement-api:21.3.0] AndroidManifest.xml:24:5-68
13-->[com.google.android.gms:play-services-measurement-api:21.3.0] AndroidManifest.xml:24:22-65
14    <uses-permission android:name="com.google.android.gms.permission.AD_ID" />
14-->[com.google.android.gms:play-services-measurement-api:21.3.0] AndroidManifest.xml:25:5-79
14-->[com.google.android.gms:play-services-measurement-api:21.3.0] AndroidManifest.xml:25:22-76
15    <uses-permission android:name="com.google.android.finsky.permission.BIND_GET_INSTALL_REFERRER_SERVICE" />
15-->[com.google.android.gms:play-services-measurement:21.3.0] AndroidManifest.xml:26:5-110
15-->[com.google.android.gms:play-services-measurement:21.3.0] AndroidManifest.xml:26:22-107
16
17    <application
17-->src/main/AndroidManifest.xml:6:5-25:19
18        android:name="com.NewsRead.MainApplication"
18-->src/main/AndroidManifest.xml:7:7-38
19        android:allowBackup="false"
19-->src/main/AndroidManifest.xml:11:7-34
20        android:appComponentFactory="androidx.core.app.CoreComponentFactory"
20-->[androidx.core:core:1.7.0] AndroidManifest.xml:24:18-86
21        android:icon="@mipmap/ic_launcher"
21-->src/main/AndroidManifest.xml:9:7-41
22        android:label="@string/app_name"
22-->src/main/AndroidManifest.xml:8:7-39
23        android:roundIcon="@mipmap/ic_launcher_round"
23-->src/main/AndroidManifest.xml:10:7-52
24        android:theme="@style/AppTheme" >
24-->src/main/AndroidManifest.xml:12:7-38
25        <activity
25-->src/main/AndroidManifest.xml:13:7-24:18
26            android:name="com.NewsRead.MainActivity"
26-->src/main/AndroidManifest.xml:14:9-37
27            android:configChanges="keyboard|keyboardHidden|orientation|screenLayout|screenSize|smallestScreenSize|uiMode"
27-->src/main/AndroidManifest.xml:16:9-118
28            android:exported="true"
28-->src/main/AndroidManifest.xml:19:9-32
29            android:label="@string/app_name"
29-->src/main/AndroidManifest.xml:15:9-41
30            android:launchMode="singleTask"
30-->src/main/AndroidManifest.xml:17:9-40
31            android:windowSoftInputMode="adjustResize" >
31-->src/main/AndroidManifest.xml:18:9-51
32            <intent-filter>
32-->src/main/AndroidManifest.xml:20:9-23:25
33                <action android:name="android.intent.action.MAIN" />
33-->src/main/AndroidManifest.xml:21:13-65
33-->src/main/AndroidManifest.xml:21:21-62
34
35                <category android:name="android.intent.category.LAUNCHER" />
35-->src/main/AndroidManifest.xml:22:13-73
35-->src/main/AndroidManifest.xml:22:23-70
36            </intent-filter>
37        </activity>
38
39        <provider
39-->[:react-native-webview] AndroidManifest.xml:10:9-18:20
40            android:name="com.reactnativecommunity.webview.RNCWebViewFileProvider"
40-->[:react-native-webview] AndroidManifest.xml:11:13-83
41            android:authorities="com.NewsRead.fileprovider"
41-->[:react-native-webview] AndroidManifest.xml:12:13-64
42            android:exported="false"
42-->[:react-native-webview] AndroidManifest.xml:13:13-37
43            android:grantUriPermissions="true" >
43-->[:react-native-webview] AndroidManifest.xml:14:13-47
44            <meta-data
44-->[:react-native-webview] AndroidManifest.xml:15:13-17:63
45                android:name="android.support.FILE_PROVIDER_PATHS"
45-->[:react-native-webview] AndroidManifest.xml:16:17-67
46                android:resource="@xml/file_provider_paths" />
46-->[:react-native-webview] AndroidManifest.xml:17:17-60
47        </provider>
48
49        <service
49-->[com.google.android.gms:play-services-measurement-api:21.3.0] AndroidManifest.xml:28:9-34:19
50            android:name="com.google.firebase.components.ComponentDiscoveryService"
50-->[com.google.android.gms:play-services-measurement-api:21.3.0] AndroidManifest.xml:29:13-84
51            android:directBootAware="true"
51-->[com.google.firebase:firebase-common:20.3.2] AndroidManifest.xml:34:13-43
52            android:exported="false" >
52-->[com.google.android.gms:play-services-measurement-api:21.3.0] AndroidManifest.xml:30:13-37
53            <meta-data
53-->[com.google.android.gms:play-services-measurement-api:21.3.0] AndroidManifest.xml:31:13-33:85
54                android:name="com.google.firebase.components:com.google.firebase.analytics.connector.internal.AnalyticsConnectorRegistrar"
54-->[com.google.android.gms:play-services-measurement-api:21.3.0] AndroidManifest.xml:32:17-139
55                android:value="com.google.firebase.components.ComponentRegistrar" />
55-->[com.google.android.gms:play-services-measurement-api:21.3.0] AndroidManifest.xml:33:17-82
56            <meta-data
56-->[com.google.firebase:firebase-installations:17.1.3] AndroidManifest.xml:17:13-19:85
57                android:name="com.google.firebase.components:com.google.firebase.installations.FirebaseInstallationsRegistrar"
57-->[com.google.firebase:firebase-installations:17.1.3] AndroidManifest.xml:18:17-127
58                android:value="com.google.firebase.components.ComponentRegistrar" />
58-->[com.google.firebase:firebase-installations:17.1.3] AndroidManifest.xml:19:17-82
59        </service>
60
61        <provider
61-->[com.google.firebase:firebase-common:20.3.2] AndroidManifest.xml:25:9-30:39
62            android:name="com.google.firebase.provider.FirebaseInitProvider"
62-->[com.google.firebase:firebase-common:20.3.2] AndroidManifest.xml:26:13-77
63            android:authorities="com.NewsRead.firebaseinitprovider"
63-->[com.google.firebase:firebase-common:20.3.2] AndroidManifest.xml:27:13-72
64            android:directBootAware="true"
64-->[com.google.firebase:firebase-common:20.3.2] AndroidManifest.xml:28:13-43
65            android:exported="false"
65-->[com.google.firebase:firebase-common:20.3.2] AndroidManifest.xml:29:13-37
66            android:initOrder="100" />
66-->[com.google.firebase:firebase-common:20.3.2] AndroidManifest.xml:30:13-36
67
68        <activity
68-->[com.google.android.gms:play-services-auth:20.5.0] AndroidManifest.xml:23:9-27:75
69            android:name="com.google.android.gms.auth.api.signin.internal.SignInHubActivity"
69-->[com.google.android.gms:play-services-auth:20.5.0] AndroidManifest.xml:24:13-93
70            android:excludeFromRecents="true"
70-->[com.google.android.gms:play-services-auth:20.5.0] AndroidManifest.xml:25:13-46
71            android:exported="false"
71-->[com.google.android.gms:play-services-auth:20.5.0] AndroidManifest.xml:26:13-37
72            android:theme="@android:style/Theme.Translucent.NoTitleBar" />
72-->[com.google.android.gms:play-services-auth:20.5.0] AndroidManifest.xml:27:13-72
73        <!--
74            Service handling Google Sign-In user revocation. For apps that do not integrate with
75            Google Sign-In, this service will never be started.
76        -->
77        <service
77-->[com.google.android.gms:play-services-auth:20.5.0] AndroidManifest.xml:33:9-37:51
78            android:name="com.google.android.gms.auth.api.signin.RevocationBoundService"
78-->[com.google.android.gms:play-services-auth:20.5.0] AndroidManifest.xml:34:13-89
79            android:exported="true"
79-->[com.google.android.gms:play-services-auth:20.5.0] AndroidManifest.xml:35:13-36
80            android:permission="com.google.android.gms.auth.api.signin.permission.REVOCATION_NOTIFICATION"
80-->[com.google.android.gms:play-services-auth:20.5.0] AndroidManifest.xml:36:13-107
81            android:visibleToInstantApps="true" />
81-->[com.google.android.gms:play-services-auth:20.5.0] AndroidManifest.xml:37:13-48
82
83        <activity
83-->[com.google.android.gms:play-services-base:18.0.1] AndroidManifest.xml:20:9-22:45
84            android:name="com.google.android.gms.common.api.GoogleApiActivity"
84-->[com.google.android.gms:play-services-base:18.0.1] AndroidManifest.xml:20:19-85
85            android:exported="false"
85-->[com.google.android.gms:play-services-base:18.0.1] AndroidManifest.xml:22:19-43
86            android:theme="@android:style/Theme.Translucent.NoTitleBar" />
86-->[com.google.android.gms:play-services-base:18.0.1] AndroidManifest.xml:21:19-78
87
88        <receiver
88-->[com.google.android.gms:play-services-measurement:21.3.0] AndroidManifest.xml:29:9-33:20
89            android:name="com.google.android.gms.measurement.AppMeasurementReceiver"
89-->[com.google.android.gms:play-services-measurement:21.3.0] AndroidManifest.xml:30:13-85
90            android:enabled="true"
90-->[com.google.android.gms:play-services-measurement:21.3.0] AndroidManifest.xml:31:13-35
91            android:exported="false" >
91-->[com.google.android.gms:play-services-measurement:21.3.0] AndroidManifest.xml:32:13-37
92        </receiver>
93
94        <service
94-->[com.google.android.gms:play-services-measurement:21.3.0] AndroidManifest.xml:35:9-38:40
95            android:name="com.google.android.gms.measurement.AppMeasurementService"
95-->[com.google.android.gms:play-services-measurement:21.3.0] AndroidManifest.xml:36:13-84
96            android:enabled="true"
96-->[com.google.android.gms:play-services-measurement:21.3.0] AndroidManifest.xml:37:13-35
97            android:exported="false" />
97-->[com.google.android.gms:play-services-measurement:21.3.0] AndroidManifest.xml:38:13-37
98        <service
98-->[com.google.android.gms:play-services-measurement:21.3.0] AndroidManifest.xml:39:9-43:72
99            android:name="com.google.android.gms.measurement.AppMeasurementJobService"
99-->[com.google.android.gms:play-services-measurement:21.3.0] AndroidManifest.xml:40:13-87
100            android:enabled="true"
100-->[com.google.android.gms:play-services-measurement:21.3.0] AndroidManifest.xml:41:13-35
101            android:exported="false"
101-->[com.google.android.gms:play-services-measurement:21.3.0] AndroidManifest.xml:42:13-37
102            android:permission="android.permission.BIND_JOB_SERVICE" />
102-->[com.google.android.gms:play-services-measurement:21.3.0] AndroidManifest.xml:43:13-69
103
104        <meta-data
104-->[com.google.android.gms:play-services-basement:18.2.0] AndroidManifest.xml:21:9-23:69
105            android:name="com.google.android.gms.version"
105-->[com.google.android.gms:play-services-basement:18.2.0] AndroidManifest.xml:22:13-58
106            android:value="@integer/google_play_services_version" />
106-->[com.google.android.gms:play-services-basement:18.2.0] AndroidManifest.xml:23:13-66
107
108        <provider
108-->[androidx.emoji2:emoji2:1.0.0] AndroidManifest.xml:26:9-34:20
109            android:name="androidx.startup.InitializationProvider"
109-->[androidx.emoji2:emoji2:1.0.0] AndroidManifest.xml:27:13-67
110            android:authorities="com.NewsRead.androidx-startup"
110-->[androidx.emoji2:emoji2:1.0.0] AndroidManifest.xml:28:13-68
111            android:exported="false" >
111-->[androidx.emoji2:emoji2:1.0.0] AndroidManifest.xml:29:13-37
112            <meta-data
112-->[androidx.emoji2:emoji2:1.0.0] AndroidManifest.xml:31:13-33:52
113                android:name="androidx.emoji2.text.EmojiCompatInitializer"
113-->[androidx.emoji2:emoji2:1.0.0] AndroidManifest.xml:32:17-75
114                android:value="androidx.startup" />
114-->[androidx.emoji2:emoji2:1.0.0] AndroidManifest.xml:33:17-49
115            <meta-data
115-->[androidx.lifecycle:lifecycle-process:2.4.0] AndroidManifest.xml:31:13-33:52
116                android:name="androidx.lifecycle.ProcessLifecycleInitializer"
116-->[androidx.lifecycle:lifecycle-process:2.4.0] AndroidManifest.xml:32:17-78
117                android:value="androidx.startup" />
117-->[androidx.lifecycle:lifecycle-process:2.4.0] AndroidManifest.xml:33:17-49
118        </provider>
119    </application>
120
121</manifest>